This is pdfTeX, Version 3.14159265-2.6-1.40.15 (MiKTeX 2.9 64-bit) (preloaded format=pdflatex 2016.2.22)  10 APR 2016 20:31
entering extended mode
**title_page_1.tex
(title_page_1.tex
LaTeX2e <2014/05/01>
Babel <3.9l> and hyphenation patterns for 68 languages loaded.
("C:\Program Files\MiKTeX 2.9\tex\latex\base\article.cls"
Document Class: article 2014/09/29 v1.4h Standard LaTeX document class
("C:\Program Files\MiKTeX 2.9\tex\latex\base\size12.clo"
File: size12.clo 2014/09/29 v1.4h Standard LaTeX file (size option)
)
\c@part=\count79
\c@section=\count80
\c@subsection=\count81
\c@subsubsection=\count82
\c@paragraph=\count83
\c@subparagraph=\count84
\c@figure=\count85
\c@table=\count86
\abovecaptionskip=\skip41
\belowcaptionskip=\skip42
\bibindent=\dimen102
)
("C:\Program Files\MiKTeX 2.9\tex\latex\graphics\graphicx.sty"
Package: graphicx 2014/10/28 v1.0g Enhanced LaTeX Graphics (DPC,SPQR)

("C:\Program Files\MiKTeX 2.9\tex\latex\graphics\keyval.sty"
Package: keyval 2014/10/28 v1.15 key=value parser (DPC)
\KV@toks@=\toks14
)
("C:\Program Files\MiKTeX 2.9\tex\latex\graphics\graphics.sty"
Package: graphics 2014/10/28 v1.0p Standard LaTeX Graphics (DPC,SPQR)

("C:\Program Files\MiKTeX 2.9\tex\latex\graphics\trig.sty"
Package: trig 1999/03/16 v1.09 sin cos tan (DPC)
)
("C:\Program Files\MiKTeX 2.9\tex\latex\00miktex\graphics.cfg"
File: graphics.cfg 2007/01/18 v1.5 graphics configuration of teTeX/TeXLive
)
Package graphics Info: Driver file: pdftex.def on input line 91.

("C:\Program Files\MiKTeX 2.9\tex\latex\pdftex-def\pdftex.def"
File: pdftex.def 2011/05/27 v0.06d Graphics/color for pdfTeX

("C:\Program Files\MiKTeX 2.9\tex\generic\oberdiek\infwarerr.sty"
Package: infwarerr 2010/04/08 v1.3 Providing info/warning/error messages (HO)
)
("C:\Program Files\MiKTeX 2.9\tex\generic\oberdiek\ltxcmds.sty"
Package: ltxcmds 2011/11/09 v1.22 LaTeX kernel commands for general use (HO)
)
\Gread@gobject=\count87
))
\Gin@req@height=\dimen103
\Gin@req@width=\dimen104
)
(title_page_1.aux

LaTeX Warning: Label `tab:fonts' multiply defined.


LaTeX Warning: Label `tab:fonts' multiply defined.


LaTeX Warning: Label `tab:fonts' multiply defined.

)
LaTeX Font Info:    Checking defaults for OML/cmm/m/it on input line 12.
LaTeX Font Info:    ... okay on input line 12.
LaTeX Font Info:    Checking defaults for T1/cmr/m/n on input line 12.
LaTeX Font Info:    ... okay on input line 12.
LaTeX Font Info:    Checking defaults for OT1/cmr/m/n on input line 12.
LaTeX Font Info:    ... okay on input line 12.
LaTeX Font Info:    Checking defaults for OMS/cmsy/m/n on input line 12.
LaTeX Font Info:    ... okay on input line 12.
LaTeX Font Info:    Checking defaults for OMX/cmex/m/n on input line 12.
LaTeX Font Info:    ... okay on input line 12.
LaTeX Font Info:    Checking defaults for U/cmr/m/n on input line 12.
LaTeX Font Info:    ... okay on input line 12.
 ("C:\Program Files\MiKTeX 2.9\tex\context\base\supp-pdf.mkii"
[Loading MPS to PDF converter (version 2006.09.02).]
\scratchcounter=\count88
\scratchdimen=\dimen105
\scratchbox=\box26
\nofMPsegments=\count89
\nofMParguments=\count90
\everyMPshowfont=\toks15
\MPscratchCnt=\count91
\MPscratchDim=\dimen106
\MPnumerator=\count92
\makeMPintoPDFobject=\count93
\everyMPtoPDFconversion=\toks16
) <wits-logo.jpg, id=1, 379.6584pt x 373.395pt>
File: wits-logo.jpg Graphic file (type jpg)
 <use wits-logo.jpg>
Package pdftex.def Info: wits-logo.jpg used on input line 25.
(pdftex.def)             Requested size: 113.89839pt x 112.01936pt.
LaTeX Font Info:    External font `cmex10' loaded for size
(Font)              <12> on input line 53.
LaTeX Font Info:    External font `cmex10' loaded for size
(Font)              <8> on input line 53.
LaTeX Font Info:    External font `cmex10' loaded for size
(Font)              <6> on input line 53.
 [1

{C:/ProgramData/MiKTeX/2.9/pdftex/config/pdftex.map} <./wits-logo.jpg>] [2]
(title_page_1.toc)
\tf@toc=\write3
 [1]
LaTeX Font Info:    Try loading font information for OMS+cmr on input line 86.
 ("C:\Program Files\MiKTeX 2.9\tex\latex\base\omscmr.fd"
File: omscmr.fd 2014/09/29 v2.5h Standard LaTeX font definitions
)
LaTeX Font Info:    Font shape `OMS/cmr/m/n' in size <12> not available
(Font)              Font shape `OMS/cmsy/m/n' tried instead on input line 86.
[1]
Underfull \hbox (badness 10000) in paragraph at lines 103--104

 []


Underfull \hbox (badness 10000) in paragraph at lines 103--104

 []


Underfull \hbox (badness 10000) in paragraph at lines 105--106

 []


Underfull \hbox (badness 10000) in paragraph at lines 105--106

 []

[2]
Underfull \hbox (badness 10000) in paragraph at lines 117--119

 []

[3]
Underfull \hbox (badness 10000) in paragraph at lines 127--128

 []


Underfull \hbox (badness 10000) in paragraph at lines 136--137

 []


Underfull \hbox (badness 10000) in paragraph at lines 145--147

 []

[4]
Underfull \hbox (badness 10000) in paragraph at lines 148--149

 []


Underfull \hbox (badness 10000) in paragraph at lines 148--149

 []

<DCC_active_panel.png, id=32, 1028.34187pt x 578.16pt>
File: DCC_active_panel.png Graphic file (type png)

<use DCC_active_panel.png>
Package pdftex.def Info: DCC_active_panel.png used on input line 152.
(pdftex.def)             Requested size: 390.0pt x 219.2708pt.

<new_customer_form.png, id=33, 874.76813pt x 199.49532pt>
File: new_customer_form.png Graphic file (type png)

<use new_customer_form.png>
Package pdftex.def Info: new_customer_form.png used on input line 158.
(pdftex.def)             Requested size: 390.0pt x 88.94102pt.
 <driver_view.png, id=34, 1028.34187pt x 578.16pt>
File: driver_view.png Graphic file (type png)

<use driver_view.png>
Package pdftex.def Info: driver_view.png used on input line 164.
(pdftex.def)             Requested size: 390.0pt x 219.2708pt.

<login_screen_and_pop_up.png, id=35, 1028.34187pt x 578.16pt>
File: login_screen_and_pop_up.png Graphic file (type png)

<use login_screen_and_pop_up.png>
Package pdftex.def Info: login_screen_and_pop_up.png used on input line 170.
(pdftex.def)             Requested size: 390.0pt x 219.2708pt.
 [5 <./DCC_active_panel.png>] [6 <./new_customer_form.png> <./driver_view.png>]
Missing character: There is no â in font cmr12!
Missing character: There is no € in font cmr12!
Missing character: There is no ¢ in font cmr12!
Missing character: There is no â in font cmr12!
Missing character: There is no € in font cmr12!
Missing character: There is no ¢ in font cmr12!
Missing character: There is no â in font cmr12!
Missing character: There is no € in font cmr12!
Missing character: There is no ¢ in font cmr12!
Missing character: There is no â in font cmr12!
Missing character: There is no € in font cmr12!
Missing character: There is no ¢ in font cmr12!
Missing character: There is no â in font cmr12!
Missing character: There is no € in font cmr12!
Missing character: There is no ¢ in font cmr12!
Missing character: There is no â in font cmr12!
Missing character: There is no € in font cmr12!
Missing character: There is no ¢ in font cmr12!
Missing character: There is no â in font cmr12!
Missing character: There is no € in font cmr12!
Missing character: There is no ¢ in font cmr12!
Missing character: There is no â in font cmr12!
Missing character: There is no € in font cmr12!
Missing character: There is no ¢ in font cmr12!
Missing character: There is no â in font cmr12!
Missing character: There is no € in font cmr12!
Missing character: There is no ¢ in font cmr12!
Missing character: There is no â in font cmr12!
Missing character: There is no € in font cmr12!
Missing character: There is no ¢ in font cmr12!

Overfull \hbox (91.08015pt too wide) in paragraph at lines 201--223
 [] 
 []


Underfull \hbox (badness 10000) in paragraph at lines 228--229

 []

[7 <./login_screen_and_pop_up.png>]
Underfull \hbox (badness 10000) in paragraph at lines 230--231

 []

<gantt.png, id=45, 2042.38031pt x 1066.7353pt>
File: gantt.png Graphic file (type png)
 <use gantt.png>
Package pdftex.def Info: gantt.png used on input line 235.
(pdftex.def)             Requested size: 390.0pt x 203.69098pt.

Underfull \hbox (badness 10000) in paragraph at lines 241--242

 []

[8]
Missing character: There is no â in font cmr12!
Missing character: There is no € in font cmr12!
Missing character: There is no ¢ in font cmr12!
Missing character: There is no â in font cmr12!
Missing character: There is no € in font cmr12!
Missing character: There is no ¢ in font cmr12!
Missing character: There is no â in font cmr12!
Missing character: There is no € in font cmr12!
Missing character: There is no ¢ in font cmr12!
Missing character: There is no â in font cmr12!
Missing character: There is no € in font cmr12!
Missing character: There is no ¢ in font cmr12!
 [9 <./gantt.png>]
Underfull \hbox (badness 10000) in paragraph at lines 270--271

 []


Overfull \hbox (9.61263pt too wide) in paragraph at lines 272--273
[]\OT1/cmr/m/n/12 The SRS re-quired the fol-low-ing func-tion-al-ity to be pres
ent in the WitsCABS
 []


Underfull \hbox (badness 10000) in paragraph at lines 280--281

 []


Underfull \hbox (badness 10000) in paragraph at lines 282--283

 []


Underfull \hbox (badness 10000) in paragraph at lines 286--287

 []


Underfull \hbox (badness 10000) in paragraph at lines 288--289

 []

[10]
Underfull \hbox (badness 10000) in paragraph at lines 290--291

 []


Underfull \hbox (badness 10000) in paragraph at lines 294--295

 []


Underfull \hbox (badness 10000) in paragraph at lines 296--297

 []

<Database_Diagram.png, id=58, 468.62578pt x 241.65282pt>
File: Database_Diagram.png Graphic file (type png)

<use Database_Diagram.png>
Package pdftex.def Info: Database_Diagram.png used on input line 300.
(pdftex.def)             Requested size: 390.0pt x 201.12119pt.

Underfull \hbox (badness 10000) in paragraph at lines 304--305

 []

<Query_Results.png, id=59, 346.29375pt x 103.51172pt>
File: Query_Results.png Graphic file (type png)
 <use Query_Results.png>
Package pdftex.def Info: Query_Results.png used on input line 308.
(pdftex.def)             Requested size: 390.0pt x 116.57988pt.

[11]
Missing character: There is no â in font cmr12!
Missing character: There is no € in font cmr12!
Missing character: There is no ¢ in font cmr12!
Missing character: There is no â in font cmr12!
Missing character: There is no € in font cmr12!
Missing character: There is no ¢ in font cmr12!
Missing character: There is no â in font cmr12!
Missing character: There is no € in font cmr12!
Missing character: There is no ¢ in font cmr12!
Missing character: There is no â in font cmr12!
Missing character: There is no € in font cmr12!
Missing character: There is no ¢ in font cmr12!
Missing character: There is no â in font cmr12!
Missing character: There is no € in font cmr12!
Missing character: There is no ¢ in font cmr12!
Missing character: There is no â in font cmr12!
Missing character: There is no € in font cmr12!
Missing character: There is no ¢ in font cmr12!
Missing character: There is no â in font cmr12!
Missing character: There is no € in font cmr12!
Missing character: There is no ¢ in font cmr12!
Missing character: There is no â in font cmr12!
Missing character: There is no € in font cmr12!
Missing character: There is no ¢ in font cmr12!
Missing character: There is no â in font cmr12!
Missing character: There is no € in font cmr12!
Missing character: There is no ¢ in font cmr12!
Missing character: There is no â in font cmr12!
Missing character: There is no € in font cmr12!
Missing character: There is no ¢ in font cmr12!

Overfull \hbox (84.12329pt too wide) in paragraph at lines 331--352
 [] 
 []

<Back_End_Gantt.png, id=63, 745.66078pt x 381.29953pt>
File: Back_End_Gantt.png Graphic file (type png)

<use Back_End_Gantt.png>
Package pdftex.def Info: Back_End_Gantt.png used on input line 360.
(pdftex.def)             Requested size: 390.0pt x 199.42888pt.
 [12 <./Database_Diagram.png>]
Missing character: There is no â in font cmr12!
Missing character: There is no € in font cmr12!
Missing character: There is no ¢ in font cmr12!
Missing character: There is no â in font cmr12!
Missing character: There is no € in font cmr12!
Missing character: There is no ¢ in font cmr12!
Missing character: There is no â in font cmr12!
Missing character: There is no € in font cmr12!
Missing character: There is no ¢ in font cmr12!
 [13 <./Query_Results.png> <./Back_End_Gantt.png>] [14] [15] (title_page_1.aux)


LaTeX Warning: There were multiply-defined labels.

 ) 
Here is how much of TeX's memory you used:
 1210 strings out of 493698
 16086 string characters out of 3144406
 74043 words of memory out of 3000000
 4559 multiletter control sequences out of 15000+200000
 10828 words of font info for 38 fonts, out of 3000000 for 9000
 1025 hyphenation exceptions out of 8191
 27i,8n,19p,977b,268s stack positions out of 5000i,500n,10000p,200000b,50000s
<C:/Program Files/MiKTeX 2.9/fonts/type1/public/amsfonts/cm/cmbx10.pfb><C:/Pr
ogram Files/MiKTeX 2.9/fonts/type1/public/amsfonts/cm/cmbx12.pfb><C:/Program Fi
les/MiKTeX 2.9/fonts/type1/public/amsfonts/cm/cmcsc10.pfb><C:/Program Files/MiK
TeX 2.9/fonts/type1/public/amsfonts/cm/cmr10.pfb><C:/Program Files/MiKTeX 2.9/f
onts/type1/public/amsfonts/cm/cmr12.pfb><C:/Program Files/MiKTeX 2.9/fonts/type
1/public/amsfonts/cm/cmsy10.pfb><C:/Program Files/MiKTeX 2.9/fonts/type1/public
/amsfonts/cm/cmti12.pfb><C:/Program Files/MiKTeX 2.9/fonts/type1/public/amsfont
s/cm/cmtt12.pfb>
Output written on title_page_1.pdf (18 pages, 833202 bytes).
PDF statistics:
 103 PDF objects out of 1000 (max. 8388607)
 0 named destinations out of 1000 (max. 500000)
 46 words of extra memory for PDF output out of 10000 (max. 10000000)

